<?xml version="1.0" encoding="UTF-8"?>
<!-- Generated by org.testng.reporters.JUnitXMLReporter -->
<testsuite hostname="Venkatesh-pc" name="Smoke Testcases" tests="3" failures="0" timestamp="16 Jan 2015 04:20:17 GMT" time="0.078" errors="0">
  <testcase name="FlightBooking" time="0.028" classname="testngFiles.Annotations"/>
  <testcase name="OpeningBrowser" time="0.002" classname="testngFiles.Annotations"/>
  <testcase name="software" time="0.005" classname="testngFiles.Annot2"/>
</testsuite> <!-- Smoke Testcases -->
