<?xml version="1.0" encoding="UTF-8"?>
<!-- Generated by org.testng.reporters.JUnitXMLReporter -->
<testsuite ignored="1" hostname="DESKTOP-EI1JAB2" failures="0" tests="1" name="Error Validations Test" time="6.437" errors="0" timestamp="2022-10-24T07:00:10 EET">
  <testcase classname="rahulshettyacademy.tests.ErrorValidations" name="loginErrorValidation" time="0.928"/>
  <testcase classname="rahulshettyacademy.tests.ErrorValidations" name="productErrorValidation" time="0.0">
    <ignored/>
  </testcase> <!-- productErrorValidation -->
</testsuite> <!-- Error Validations Test -->
