<?xml version="1.0" encoding="UTF-8"?>
<!-- Generated by org.testng.reporters.JUnitXMLReporter -->
<testsuite ignored="0" hostname="DESKTOP-EI1JAB2" failures="1" tests="4" name="Error Validations Test" time="24.663" errors="0" timestamp="2022-10-24T21:56:50 EET">
  <testcase classname="rahulshettyacademy.tests.ErrorValidations" name="loginErrorValidation" time="0.174">
    <skipped/>
  </testcase> <!-- loginErrorValidation -->
  <testcase classname="rahulshettyacademy.tests.ErrorValidations" name="loginErrorValidation" time="0.22">
    <skipped/>
  </testcase> <!-- loginErrorValidation -->
  <testcase classname="rahulshettyacademy.tests.ErrorValidations" name="loginErrorValidation" time="0.235">
    <failure type="java.lang.AssertionError" message="expected [Incorrect email or password.] but found [Incorrect email password]">
      <![CDATA[java.lang.AssertionError: expected [Incorrect email or password.] but found [Incorrect email password]
at rahulshettyacademy.tests.ErrorValidations.loginErrorValidation(ErrorValidations.java:39)
at java.base/java.util.ArrayList.forEach(ArrayList.java:1511)
at java.base/java.util.concurrent.FutureTask.run(FutureTask.java:264)
at java.base/java.util.concurrent.ThreadPoolExecutor.runWorker(ThreadPoolExecutor.java:1136)
at java.base/java.util.concurrent.ThreadPoolExecutor$Worker.run(ThreadPoolExecutor.java:635)
at java.base/java.lang.Thread.run(Thread.java:833)
... Removed 24 stack frames]]>
    </failure>
  </testcase> <!-- loginErrorValidation -->
  <testcase classname="rahulshettyacademy.tests.ErrorValidations" name="productErrorValidation" time="2.429"/>
</testsuite> <!-- Error Validations Test -->
