<?xml version="1.0" encoding="UTF-8"?>
<testng-results ignored="3" total="4" passed="1" failed="0" skipped="0">
  <reporter-output>
  </reporter-output>
  <suite started-at="2022-10-24T07:00:03 EET" name="Suite" finished-at="2022-10-24T07:00:10 EET" duration-ms="6437">
    <groups>
      <group name="ErrorHandling">
        <method signature="ErrorValidations.loginErrorValidation()[pri:0, instance:rahulshettyacademy.tests.ErrorValidations@6892b3b6]" name="loginErrorValidation" class="rahulshettyacademy.tests.ErrorValidations"/>
      </group> <!-- ErrorHandling -->
    </groups>
    <test started-at="2022-10-24T07:00:03 EET" name="Submit Order Test" finished-at="2022-10-24T07:00:03 EET" duration-ms="4">
    </test> <!-- Submit Order Test -->
    <test started-at="2022-10-24T07:00:03 EET" name="Error Validations Test" finished-at="2022-10-24T07:00:10 EET" duration-ms="6437">
      <class name="rahulshettyacademy.tests.ErrorValidations">
        <test-method is-config="true" signature="launchApplication()[pri:0, instance:rahulshettyacademy.tests.ErrorValidations@6892b3b6]" started-at="2022-10-24T07:00:03 EET" name="launchApplication" finished-at="2022-10-24T07:00:09 EET" duration-ms="5433" status="PASS">
          <reporter-output>
          </reporter-output>
        </test-method> <!-- launchApplication -->
        <test-method signature="loginErrorValidation()[pri:0, instance:rahulshettyacademy.tests.ErrorValidations@6892b3b6]" started-at="2022-10-24T07:00:09 EET" name="loginErrorValidation" finished-at="2022-10-24T07:00:10 EET" duration-ms="928" status="PASS">
          <reporter-output>
          </reporter-output>
        </test-method> <!-- loginErrorValidation -->
        <test-method is-config="true" signature="tearDown()[pri:0, instance:rahulshettyacademy.tests.ErrorValidations@6892b3b6]" started-at="2022-10-24T07:00:10 EET" name="tearDown" finished-at="2022-10-24T07:00:10 EET" duration-ms="48" status="PASS">
          <reporter-output>
          </reporter-output>
        </test-method> <!-- tearDown -->
      </class> <!-- rahulshettyacademy.tests.ErrorValidations -->
    </test> <!-- Error Validations Test -->
  </suite> <!-- Suite -->
</testng-results>
