<?xml version="1.0" encoding="UTF-8"?>
<!-- Generated by org.testng.reporters.JUnitXMLReporter -->
<testsuite hostname="Venkatesh-pc" name="Default test" tests="3" failures="0" timestamp="16 Jan 2015 04:03:46 GMT" time="0.17" errors="0">
  <testcase name="Userid" time="0.024" classname="datddriven.Annotations"/>
  <testcase name="Userid" time="0.002" classname="datddriven.Annotations"/>
  <testcase name="Userid" time="0.003" classname="datddriven.Annotations"/>
</testsuite> <!-- Default test -->
