<?xml version="1.0" encoding="UTF-8"?>
<!-- Generated by org.testng.reporters.JUnitXMLReporter -->
<testsuite ignored="4" hostname="DESKTOP-EI1JAB2" failures="0" tests="5" name="car loan" time="0.053" errors="0" timestamp="2022-10-18T17:17:29 EET">
  <testcase classname="Test.day3" name="loginAPICarLoan" time="0.006"/>
  <testcase classname="Test.day3" name="paramsTest" time="0.002"/>
  <testcase classname="Test.day3" name="printDataProvided" time="0.001"/>
  <testcase classname="Test.day3" name="printDataProvided" time="0.001"/>
  <testcase classname="Test.day3" name="printDataProvided" time="0.001"/>
  <testcase classname="Test.day3" name="MobileSignInCarLoan" time="0.0">
    <ignored/>
  </testcase> <!-- MobileSignInCarLoan -->
  <testcase classname="Test.day3" name="webLoginCarLoan" time="0.0">
    <ignored/>
  </testcase> <!-- webLoginCarLoan -->
  <testcase classname="Test.day3" name="MobileSignOutCarLoan" time="0.0">
    <ignored/>
  </testcase> <!-- MobileSignOutCarLoan -->
  <testcase classname="Test.day3" name="MobileLoginCarLoan" time="0.0">
    <ignored/>
  </testcase> <!-- MobileLoginCarLoan -->
</testsuite> <!-- car loan -->
