<?xml version="1.0" encoding="UTF-8"?>
<!-- Generated by org.testng.reporters.JUnitXMLReporter -->
<testsuite hostname="MacBook-Pro.attlocal.net" ignored="0" name="Error Validations Test" tests="2" failures="0" timestamp="11 Aug 2022 20:03:05 GMT" time="32.321" errors="0">
  <testcase name="LoginErrorValidation" time="2.38" classname="rahulshettyacademy.tests.ErrorValidationsTest"/>
  <testcase name="ProductErrorValidation" time="10.041" classname="rahulshettyacademy.tests.ErrorValidationsTest"/>
</testsuite> <!-- Error Validations Test -->
