<?xml version="1.0" encoding="UTF-8"?>
<!-- Generated by org.testng.reporters.JUnitXMLReporter -->
<testsuite ignored="2" hostname="DESKTOP-EI1JAB2" failures="0" tests="0" time="0.005" errors="0" timestamp="2022-10-24T07:24:13 EET">
  <testcase classname="rahulshettyacademy.tests.ErrorValidations" name="loginErrorValidation" time="0.0">
    <ignored/>
  </testcase> <!-- loginErrorValidation -->
  <testcase classname="rahulshettyacademy.tests.ErrorValidations" name="productErrorValidation" time="0.0">
    <ignored/>
  </testcase> <!-- productErrorValidation -->
</testsuite>
