<?xml version="1.0" encoding="UTF-8"?>
<testng-results ignored="0" total="1" passed="1" failed="0" skipped="0">
  <reporter-output>
  </reporter-output>
  <suite started-at="2022-10-24T20:25:54 EET" name="Default suite" finished-at="2022-10-24T20:26:03 EET" duration-ms="9647">
    <groups>
    </groups>
    <test started-at="2022-10-24T20:25:54 EET" name="Default test" finished-at="2022-10-24T20:26:03 EET" duration-ms="9647">
      <class name="rahulshettyacademy.ExtentReports.ExtentReportDemo">
        <test-method is-config="true" signature="config()[pri:0, instance:rahulshettyacademy.ExtentReports.ExtentReportDemo@53aac487]" started-at="2022-10-24T20:25:54 EET" name="config" finished-at="2022-10-24T20:25:54 EET" duration-ms="165" status="PASS">
          <reporter-output>
          </reporter-output>
        </test-method> <!-- config -->
        <test-method signature="initialDemo()[pri:0, instance:rahulshettyacademy.ExtentReports.ExtentReportDemo@53aac487]" started-at="2022-10-24T20:25:54 EET" name="initialDemo" finished-at="2022-10-24T20:26:03 EET" duration-ms="9463" status="PASS">
          <reporter-output>
          </reporter-output>
        </test-method> <!-- initialDemo -->
      </class> <!-- rahulshettyacademy.ExtentReports.ExtentReportDemo -->
    </test> <!-- Default test -->
  </suite> <!-- Default suite -->
</testng-results>
