<?xml version="1.0" encoding="UTF-8"?>
<!-- Generated by org.testng.reporters.JUnitXMLReporter -->
<testsuite hostname="Venkatesh-pc" name="Smoke Testcases" tests="6" failures="0" timestamp="15 Jan 2015 14:29:30 GMT" time="0.141" errors="0">
  <testcase name="software" time="0.015" classname="packTwo.Annot2"/>
  <testcase name="FlightBooking" time="0.005" classname="packTwo.Annotations"/>
  <testcase name="OpeningBrowser" time="0.004" classname="packTwo.Annotations"/>
  <testcase name="OpeningBrowser" time="0.004" classname="packTwo.DependenyAnnot"/>
  <testcase name="Timerelated" time="0.023" classname="packTwo.DependenyAnnot"/>
  <testcase name="FlightBooking" time="0.004" classname="packTwo.DependenyAnnot"/>
</testsuite> <!-- Smoke Testcases -->
